<?xml version="1.0" encoding="UTF-8"?>
<!-- Generated by org.testng.reporters.JUnitXMLReporter -->
<testsuite ignored="0" hostname="DESKTOP-N3QLK5G" failures="0" tests="8" name="Test" time="34.858" errors="0" timestamp="2022-05-25T00:19:43 IST">
  <testcase classname="basepackage.Baseclass" name="loginpage" time="9.882"/>
  <testcase classname="basepackage.Baseclass" name="homepade1" time="2.05"/>
  <testcase classname="pack1.Testclass2ng" name="testA" time="0.008"/>
  <testcase classname="pack1.Testclass2ng" name="testB" time="0.003"/>
  <testcase classname="pack1.Testclass2ng" name="testC" time="0.001"/>
  <testcase classname="pack1.Testclass1ng" name="testA" time="0.025"/>
  <testcase classname="pack1.Testclass1ng" name="testB" time="0.004"/>
  <testcase classname="pack1.Testclass1ng" name="testC" time="0.006"/>
</testsuite> <!-- Test -->
